This file contains any messages produced by compilers while
running configure, to aid debugging if configure makes a mistake.

It was created by configure, which was
generated by GNU Autoconf 2.53.  Invocation command line was

  $ ./configure 

## --------- ##
## Platform. ##
## --------- ##

hostname = ubuntu
uname -m = x86_64
uname -r = 3.13.0-24-generic
uname -s = Linux
uname -v = #46-Ubuntu SMP Thu Apr 10 19:11:08 UTC 2014

/usr/bin/uname -p = unknown
/bin/uname -X     = unknown

/bin/arch              = unknown
/usr/bin/arch -k       = unknown
/usr/convex/getsysinfo = unknown
hostinfo               = unknown
/bin/machine           = unknown
/usr/bin/oslevel       = unknown
/bin/universe          = unknown

PATH: /usr/local/sbin
PATH: /usr/local/bin
PATH: /usr/sbin
PATH: /usr/bin
PATH: /sbin
PATH: /bin
PATH: /usr/games
PATH: /usr/local/games


## ----------- ##
## Core tests. ##
## ----------- ##

configure:1800: checking for a BSD-compatible install
configure:1854: result: /usr/bin/install -c
configure:1865: checking whether build environment is sane
configure:1908: result: yes
configure:1941: checking for gawk
configure:1970: result: no
configure:1941: checking for mawk
configure:1957: found /usr/bin/mawk
configure:1967: result: mawk
configure:1977: checking whether make sets ${MAKE}
configure:1997: result: yes
configure:2276: checking build system type
configure:2294: result: x86_64-unknown-linux
configure:2304: checking host system type
configure:2318: result: x86_64-unknown-linux
configure:2348: checking for style of include used by make
configure:2376: result: GNU
configure:2447: checking for gcc
configure:2463: found /usr/bin/gcc
configure:2473: result: gcc
configure:2717: checking for C compiler version
configure:2720: gcc --version </dev/null >&5
gcc (Ubuntu 4.8.2-19ubuntu1) 4.8.2
Copyright (C) 2013 Free Software Foundation, Inc.
This is free software; see the source for copying conditions.  There is NO
warranty; not even for MERCHANTABILITY or FITNESS FOR A PARTICULAR PURPOSE.

configure:2723: $? = 0
configure:2725: gcc -v </dev/null >&5
Using built-in specs.
COLLECT_GCC=gcc
COLLECT_LTO_WRAPPER=/usr/lib/gcc/x86_64-linux-gnu/4.8/lto-wrapper
Target: x86_64-linux-gnu
Configured with: ../src/configure -v --with-pkgversion='Ubuntu 4.8.2-19ubuntu1' --with-bugurl=file:///usr/share/doc/gcc-4.8/README.Bugs --enable-languages=c,c++,java,go,d,fortran,objc,obj-c++ --prefix=/usr --program-suffix=-4.8 --enable-shared --enable-linker-build-id --libexecdir=/usr/lib --without-included-gettext --enable-threads=posix --with-gxx-include-dir=/usr/include/c++/4.8 --libdir=/usr/lib --enable-nls --with-sysroot=/ --enable-clocale=gnu --enable-libstdcxx-debug --enable-libstdcxx-time=yes --enable-gnu-unique-object --disable-libmudflap --enable-plugin --with-system-zlib --disable-browser-plugin --enable-java-awt=gtk --enable-gtk-cairo --with-java-home=/usr/lib/jvm/java-1.5.0-gcj-4.8-amd64/jre --enable-java-home --with-jvm-root-dir=/usr/lib/jvm/java-1.5.0-gcj-4.8-amd64 --with-jvm-jar-dir=/usr/lib/jvm-exports/java-1.5.0-gcj-4.8-amd64 --with-arch-directory=amd64 --with-ecj-jar=/usr/share/java/eclipse-ecj.jar --enable-objc-gc --enable-multiarch --disable-werror --with-arch-32=i686 --with-abi=m64 --with-multilib-list=m32,m64,mx32 --with-tune=generic --enable-checking=release --build=x86_64-linux-gnu --host=x86_64-linux-gnu --target=x86_64-linux-gnu
Thread model: posix
gcc version 4.8.2 (Ubuntu 4.8.2-19ubuntu1) 
configure:2728: $? = 0
configure:2730: gcc -V </dev/null >&5
gcc: error: unrecognized command line option '-V'
gcc: fatal error: no input files
compilation terminated.
configure:2733: $? = 4
configure:2759: checking for C compiler default output
configure:2762: gcc    conftest.c  >&5
configure:2765: $? = 0
configure:2798: result: a.out
configure:2803: checking whether the C compiler works
configure:2809: ./a.out
configure:2812: $? = 0
configure:2827: result: yes
configure:2834: checking whether we are cross compiling
configure:2836: result: no
configure:2839: checking for suffix of executables
configure:2841: gcc -o conftest    conftest.c  >&5
configure:2844: $? = 0
configure:2866: result: 
configure:2872: checking for suffix of object files
configure:2896: gcc -c   conftest.c >&5
configure:2899: $? = 0
configure:2918: result: o
configure:2922: checking whether we are using the GNU C compiler
configure:2949: gcc -c   conftest.c >&5
configure:2952: $? = 0
configure:2955: test -s conftest.o
configure:2958: $? = 0
configure:2970: result: yes
configure:2976: checking whether gcc accepts -g
configure:3000: gcc -c -g  conftest.c >&5
configure:3003: $? = 0
configure:3006: test -s conftest.o
configure:3009: $? = 0
configure:3019: result: yes
configure:3046: gcc -c -g -O2  conftest.c >&5
conftest.c:2:3: error: unknown type name 'choke'
   choke me
   ^
conftest.c:2:3: error: expected '=', ',', ';', 'asm' or '__attribute__' at end of input
configure:3049: $? = 1
configure: failed program was:
#ifndef __cplusplus
  choke me
#endif
configure:3161: checking dependency style of gcc
configure:3223: result: gcc3
configure:3250: checking for ld used by GCC
configure:3313: result: /usr/bin/ld
configure:3322: checking if the linker (/usr/bin/ld) is GNU ld
GNU ld (GNU Binutils for Ubuntu) 2.24
configure:3334: result: yes
configure:3339: checking for /usr/bin/ld option to reload object files
configure:3346: result: -r
configure:3351: checking for BSD-compatible nm
configure:3387: result: /usr/bin/nm -B
configure:3390: checking whether ln -s works
configure:3394: result: yes
configure:3401: checking how to recognise dependant libraries
configure:3579: result: pass_all
configure:3592: checking command to parse /usr/bin/nm -B output
configure:3673: gcc -c -g -O2  conftest.c >&5
configure:3676: $? = 0
configure:3680: /usr/bin/nm -B conftest.o \| sed -n -e 's/^.*[ 	]\([ABCDGISTW][ABCDGISTW]*\)[ 	][ 	]*\(\)\([_A-Za-z][_A-Za-z0-9]*\)$/\1 \2\3 \3/p' \> conftest.nm
configure:3683: $? = 0
configure:3735: gcc -o conftest -g -O2   conftest.c conftstm.o >&5
configure:3738: $? = 0
configure:3782: result: ok
configure:3791: checking how to run the C preprocessor
configure:3817: gcc -E  conftest.c
configure:3823: $? = 0
configure:3850: gcc -E  conftest.c
configure:3846:28: fatal error: ac_nonexistent.h: No such file or directory
 #line $LINENO "configure"
                            ^
compilation terminated.
configure:3856: $? = 1
configure: failed program was:
#line 3845 "configure"
#include "confdefs.h"
#include <ac_nonexistent.h>
configure:3893: result: gcc -E
configure:3908: gcc -E  conftest.c
configure:3914: $? = 0
configure:3941: gcc -E  conftest.c
configure:3937:28: fatal error: ac_nonexistent.h: No such file or directory
 #line $LINENO "configure"
                            ^
compilation terminated.
configure:3947: $? = 1
configure: failed program was:
#line 3936 "configure"
#include "confdefs.h"
#include <ac_nonexistent.h>
configure:3987: checking for ANSI C header files
configure:4001: gcc -E  conftest.c
configure:4007: $? = 0
configure:4094: gcc -o conftest -g -O2   conftest.c  >&5
configure: In function 'main':
configure:4085:7: warning: incompatible implicit declaration of built-in function 'exit' [enabled by default]
   int i;
       ^
configure:4097: $? = 0
configure:4099: ./conftest
configure:4102: $? = 0
configure:4116: result: yes
configure:4140: checking for sys/types.h
configure:4153: gcc -c -g -O2  conftest.c >&5
configure:4156: $? = 0
configure:4159: test -s conftest.o
configure:4162: $? = 0
configure:4172: result: yes
configure:4140: checking for sys/stat.h
configure:4153: gcc -c -g -O2  conftest.c >&5
configure:4156: $? = 0
configure:4159: test -s conftest.o
configure:4162: $? = 0
configure:4172: result: yes
configure:4140: checking for stdlib.h
configure:4153: gcc -c -g -O2  conftest.c >&5
configure:4156: $? = 0
configure:4159: test -s conftest.o
configure:4162: $? = 0
configure:4172: result: yes
configure:4140: checking for string.h
configure:4153: gcc -c -g -O2  conftest.c >&5
configure:4156: $? = 0
configure:4159: test -s conftest.o
configure:4162: $? = 0
configure:4172: result: yes
configure:4140: checking for memory.h
configure:4153: gcc -c -g -O2  conftest.c >&5
configure:4156: $? = 0
configure:4159: test -s conftest.o
configure:4162: $? = 0
configure:4172: result: yes
configure:4140: checking for strings.h
configure:4153: gcc -c -g -O2  conftest.c >&5
configure:4156: $? = 0
configure:4159: test -s conftest.o
configure:4162: $? = 0
configure:4172: result: yes
configure:4140: checking for inttypes.h
configure:4153: gcc -c -g -O2  conftest.c >&5
configure:4156: $? = 0
configure:4159: test -s conftest.o
configure:4162: $? = 0
configure:4172: result: yes
configure:4140: checking for stdint.h
configure:4153: gcc -c -g -O2  conftest.c >&5
configure:4156: $? = 0
configure:4159: test -s conftest.o
configure:4162: $? = 0
configure:4172: result: yes
configure:4140: checking for unistd.h
configure:4153: gcc -c -g -O2  conftest.c >&5
configure:4156: $? = 0
configure:4159: test -s conftest.o
configure:4162: $? = 0
configure:4172: result: yes
configure:4198: checking dlfcn.h usability
configure:4207: gcc -c -g -O2  conftest.c >&5
configure:4210: $? = 0
configure:4213: test -s conftest.o
configure:4216: $? = 0
configure:4225: result: yes
configure:4229: checking dlfcn.h presence
configure:4236: gcc -E  conftest.c
configure:4242: $? = 0
configure:4260: result: yes
configure:4278: checking for dlfcn.h
configure:4285: result: yes
configure:4482: checking for ranlib
configure:4498: found /usr/bin/ranlib
configure:4509: result: ranlib
configure:4562: checking for strip
configure:4578: found /usr/bin/strip
configure:4589: result: strip
configure:4642: gcc -c -g -O2  conftest.c >&5
configure:4645: $? = 0
configure:4812: checking for objdir
configure:4823: result: .libs
configure:4840: checking for gcc option to produce PIC
configure:4990: result: -fPIC
configure:4994: checking if gcc PIC flag -fPIC works
configure:5020: gcc -c -g -O2 -fPIC -DPIC  conftest.c >&5
configure:5023: $? = 0
configure:5026: test -s conftest.o
configure:5029: $? = 0
configure:5066: result: yes
configure:5082: checking if gcc static flag -static works
configure:5109: gcc -o conftest -g -O2   -static conftest.c  >&5
configure:5112: $? = 0
configure:5115: test -s conftest
configure:5118: $? = 0
configure:5133: result: yes
configure:5145: checking if gcc supports -c -o file.o
configure:5165: gcc -c -g -O2 -o out/conftest2.o  conftest.c >&5
configure:5189: result: yes
configure:5194: checking if gcc supports -c -o file.lo
configure:5224: gcc -c -g -O2 -c -o conftest.lo  conftest.c >&5
configure:5227: $? = 0
configure:5230: test -s conftest.lo
configure:5233: $? = 0
configure:5254: result: yes
configure:5285: checking if gcc supports -fno-rtti -fno-exceptions
configure:5310: gcc -c -g -O2 -fno-rtti -fno-exceptions -c conftest.c  conftest.c >&5
cc1: warning: command line option '-fno-rtti' is valid for C++/ObjC++ but not for C [enabled by default]
cc1: warning: command line option '-fno-rtti' is valid for C++/ObjC++ but not for C [enabled by default]
configure:5313: $? = 0
configure:5316: test -s conftest.o
configure:5319: $? = 0
configure:5335: result: yes
configure:5346: checking whether the linker (/usr/bin/ld) supports shared libraries
configure:6026: result: yes
configure:6031: checking how to hardcode library paths into programs
configure:6055: result: immediate
configure:6060: checking whether stripping libraries is possible
configure:6065: result: yes
configure:6076: checking dynamic linker characteristics
configure:6476: result: GNU/Linux ld.so
configure:6481: checking if libtool supports shared libraries
configure:6483: result: yes
configure:6486: checking whether to build shared libraries
configure:6507: result: 
configure:6510: checking whether to build static libraries
configure:6514: result: yes
configure:7829: checking for ranlib
configure:7856: result: ranlib
configure:7926: checking for g++
configure:7942: found /usr/bin/g++
configure:7952: result: g++
configure:7968: checking for C++ compiler version
configure:7971: g++ --version </dev/null >&5
g++ (Ubuntu 4.8.2-19ubuntu1) 4.8.2
Copyright (C) 2013 Free Software Foundation, Inc.
This is free software; see the source for copying conditions.  There is NO
warranty; not even for MERCHANTABILITY or FITNESS FOR A PARTICULAR PURPOSE.

configure:7974: $? = 0
configure:7976: g++ -v </dev/null >&5
Using built-in specs.
COLLECT_GCC=g++
COLLECT_LTO_WRAPPER=/usr/lib/gcc/x86_64-linux-gnu/4.8/lto-wrapper
Target: x86_64-linux-gnu
Configured with: ../src/configure -v --with-pkgversion='Ubuntu 4.8.2-19ubuntu1' --with-bugurl=file:///usr/share/doc/gcc-4.8/README.Bugs --enable-languages=c,c++,java,go,d,fortran,objc,obj-c++ --prefix=/usr --program-suffix=-4.8 --enable-shared --enable-linker-build-id --libexecdir=/usr/lib --without-included-gettext --enable-threads=posix --with-gxx-include-dir=/usr/include/c++/4.8 --libdir=/usr/lib --enable-nls --with-sysroot=/ --enable-clocale=gnu --enable-libstdcxx-debug --enable-libstdcxx-time=yes --enable-gnu-unique-object --disable-libmudflap --enable-plugin --with-system-zlib --disable-browser-plugin --enable-java-awt=gtk --enable-gtk-cairo --with-java-home=/usr/lib/jvm/java-1.5.0-gcj-4.8-amd64/jre --enable-java-home --with-jvm-root-dir=/usr/lib/jvm/java-1.5.0-gcj-4.8-amd64 --with-jvm-jar-dir=/usr/lib/jvm-exports/java-1.5.0-gcj-4.8-amd64 --with-arch-directory=amd64 --with-ecj-jar=/usr/share/java/eclipse-ecj.jar --enable-objc-gc --enable-multiarch --disable-werror --with-arch-32=i686 --with-abi=m64 --with-multilib-list=m32,m64,mx32 --with-tune=generic --enable-checking=release --build=x86_64-linux-gnu --host=x86_64-linux-gnu --target=x86_64-linux-gnu
Thread model: posix
gcc version 4.8.2 (Ubuntu 4.8.2-19ubuntu1) 
configure:7979: $? = 0
configure:7981: g++ -V </dev/null >&5
g++: error: unrecognized command line option '-V'
g++: fatal error: no input files
compilation terminated.
configure:7984: $? = 4
configure:7987: checking whether we are using the GNU C++ compiler
configure:8014: g++ -c   conftest.cc >&5
configure:8017: $? = 0
configure:8020: test -s conftest.o
configure:8023: $? = 0
configure:8035: result: yes
configure:8041: checking whether g++ accepts -g
configure:8065: g++ -c -g  conftest.cc >&5
configure:8068: $? = 0
configure:8071: test -s conftest.o
configure:8074: $? = 0
configure:8084: result: yes
configure:8130: g++ -c -g -O2  conftest.cc >&5
configure:8133: $? = 0
configure:8136: test -s conftest.o
configure:8139: $? = 0
configure:8167: g++ -c -g -O2  conftest.cc >&5
configure: In function 'int main()':
configure:8159:9: error: 'exit' was not declared in this scope
 main ()
         ^
configure:8170: $? = 1
configure: failed program was:
#line 8148 "configure"
#include "confdefs.h"

#ifdef F77_DUMMY_MAIN
#  ifdef __cplusplus
     extern "C"
#  endif
   int F77_DUMMY_MAIN() { return 1; }
#endif
int
main ()
{
exit (42);
  ;
  return 0;
}
configure:8130: g++ -c -g -O2  conftest.cc >&5
configure:8133: $? = 0
configure:8136: test -s conftest.o
configure:8139: $? = 0
configure:8167: g++ -c -g -O2  conftest.cc >&5
configure:8170: $? = 0
configure:8173: test -s conftest.o
configure:8176: $? = 0
configure:8200: checking dependency style of g++
configure:8262: result: gcc3
configure:8272: checking how to run the C++ preprocessor
configure:8294: g++ -E  conftest.cc
configure:8300: $? = 0
configure:8327: g++ -E  conftest.cc
configure:8323:28: fatal error: ac_nonexistent.h: No such file or directory
 #line $LINENO "configure"
                            ^
compilation terminated.
configure:8333: $? = 1
configure: failed program was:
#line 8322 "configure"
#include "confdefs.h"
#include <ac_nonexistent.h>
configure:8370: result: g++ -E
configure:8385: g++ -E  conftest.cc
configure:8391: $? = 0
configure:8418: g++ -E  conftest.cc
configure:8414:28: fatal error: ac_nonexistent.h: No such file or directory
 #line $LINENO "configure"
                            ^
compilation terminated.
configure:8424: $? = 1
configure: failed program was:
#line 8413 "configure"
#include "confdefs.h"
#include <ac_nonexistent.h>
configure:8475: checking for time representation timeb
configure:8502: g++ -o conftest -g -O2   conftest.cc  >&5
configure:8505: $? = 0
configure:8508: test -s conftest
configure:8511: $? = 0
configure:8517: result: yes
configure:8528: checking for time representation timeval
configure:8554: g++ -o conftest -g -O2   conftest.cc  >&5
configure: In function 'int main()':
configure:8546:27: error: 'gmtime' was not declared in this scope
       gettimeofday(&systemtime,&systemzone);
                           ^
configure:8546:29: error: 'asctime' was not declared in this scope
       gettimeofday(&systemtime,&systemzone);
                             ^
configure:8557: $? = 1
configure: failed program was:
#line 8530 "configure"
#include "confdefs.h"
#include <sys/time.h>
#ifdef F77_DUMMY_MAIN
#  ifdef __cplusplus
     extern "C"
#  endif
   int F77_DUMMY_MAIN() { return 1; }
#endif
int
main ()
{

      struct timeval systemtime;
      struct timezone systemzone;
      gettimeofday(&systemtime,&systemzone);
      time_t l = 0;
      asctime( gmtime( &l ) );
  ;
  return 0;
}
configure:8574: result: no
configure:8601: checking for standard template library
configure:8720: g++ -E  conftest.cc
configure:8726: $? = 0
configure:8755: g++ -E  conftest.cc
configure:8751:24: fatal error: stl_config.h: No such file or directory
 #line $LINENO "configure"
                        ^
compilation terminated.
configure:8761: $? = 1
configure: failed program was:
#line 8750 "configure"
#include "confdefs.h"
#include <stl_config.h>
configure:8784: g++ -E  conftest.cc
configure:8780:16: fatal error: bool: No such file or directory
 #line $LINENO "configure"
                ^
compilation terminated.
configure:8790: $? = 1
configure: failed program was:
#line 8779 "configure"
#include "confdefs.h"
#include <bool>
configure:8813: g++ -E  conftest.cc
configure:8819: $? = 0
configure:8852: result: yes
configure:8857: checking for template<> specialization
configure:8878: g++ -c -g -O2  conftest.cc >&5
configure:8881: $? = 0
configure:8884: test -s conftest.o
configure:8887: $? = 0
configure:8892: result: yes
configure:8938: checking for a BSD-compatible install
configure:8992: result: /usr/bin/install -c
configure:9003: checking whether ln -s works
configure:9007: result: yes
configure:9014: checking whether make sets ${MAKE}
configure:9034: result: yes
configure:9132: creating ./config.status

## ---------------------- ##
## Running config.status. ##
## ---------------------- ##

This file was extended by config.status, which was
generated by GNU Autoconf 2.53.  Invocation command line was

  CONFIG_FILES    = 
  CONFIG_HEADERS  = 
  CONFIG_LINKS    = 
  CONFIG_COMMANDS = 
  $ ./config.status 

on ubuntu

config.status:622: creating Makefile
config.status:622: creating src/Makefile
config.status:622: creating doc/Makefile
config.status:726: creating config.h
config.status:841: config.h is unchanged
config.status:942: executing depfiles commands

## ---------------- ##
## Cache variables. ##
## ---------------- ##

ac_cv_build=x86_64-unknown-linux
ac_cv_build_alias=x86_64-unknown-linux
ac_cv_c_compiler_gnu=yes
ac_cv_cxx_compiler_gnu=yes
ac_cv_env_CC_set=
ac_cv_env_CC_value=
ac_cv_env_CFLAGS_set=
ac_cv_env_CFLAGS_value=
ac_cv_env_CPPFLAGS_set=
ac_cv_env_CPPFLAGS_value=
ac_cv_env_CPP_set=
ac_cv_env_CPP_value=
ac_cv_env_CXXCPP_set=
ac_cv_env_CXXCPP_value=
ac_cv_env_CXXFLAGS_set=
ac_cv_env_CXXFLAGS_value=
ac_cv_env_CXX_set=
ac_cv_env_CXX_value=
ac_cv_env_LDFLAGS_set=
ac_cv_env_LDFLAGS_value=
ac_cv_env_build_alias_set=
ac_cv_env_build_alias_value=
ac_cv_env_host_alias_set=
ac_cv_env_host_alias_value=
ac_cv_env_target_alias_set=
ac_cv_env_target_alias_value=
ac_cv_exeext=
ac_cv_header_dlfcn_h=yes
ac_cv_header_inttypes_h=yes
ac_cv_header_memory_h=yes
ac_cv_header_stdc=yes
ac_cv_header_stdint_h=yes
ac_cv_header_stdlib_h=yes
ac_cv_header_string_h=yes
ac_cv_header_strings_h=yes
ac_cv_header_sys_stat_h=yes
ac_cv_header_sys_types_h=yes
ac_cv_header_unistd_h=yes
ac_cv_host=x86_64-unknown-linux
ac_cv_host_alias=x86_64-unknown-linux
ac_cv_objext=o
ac_cv_path_install='/usr/bin/install -c'
ac_cv_prog_AWK=mawk
ac_cv_prog_CPP='gcc -E'
ac_cv_prog_CXXCPP='g++ -E'
ac_cv_prog_ac_ct_CC=gcc
ac_cv_prog_ac_ct_CXX=g++
ac_cv_prog_ac_ct_RANLIB=ranlib
ac_cv_prog_ac_ct_STRIP=strip
ac_cv_prog_cc_g=yes
ac_cv_prog_cxx_g=yes
ac_cv_prog_make_make_set=yes
am_cv_CC_dependencies_compiler_type=gcc3
am_cv_CXX_dependencies_compiler_type=gcc3
lt_cv_cc_64bit_output=yes
lt_cv_compiler_c_o=yes
lt_cv_compiler_o_lo=yes
lt_cv_deplibs_check_method=pass_all
lt_cv_file_magic_cmd='$MAGIC_CMD'
lt_cv_file_magic_test_file='/lib/libc.so* /lib/libc-*.so'
lt_cv_global_symbol_to_c_name_address='sed -n -e '\''s/^: \([^ ]*\) $/  {\"\1\", (lt_ptr) 0},/p'\'' -e '\''s/^[BCDEGRST] \([^ ]*\) \([^ ]*\)$/  {"\2", (lt_ptr) \&\2},/p'\'''
lt_cv_global_symbol_to_cdecl='sed -n -e '\''s/^. .* \(.*\)$/extern char \1;/p'\'''
lt_cv_ld_reload_flag=-r
lt_cv_path_LD=/usr/bin/ld
lt_cv_path_NM='/usr/bin/nm -B'
lt_cv_prog_cc_can_build_shared=yes
lt_cv_prog_cc_no_builtin=
lt_cv_prog_cc_pic=' -fPIC'
lt_cv_prog_cc_pic_works=yes
lt_cv_prog_cc_shlib=
lt_cv_prog_cc_static=-static
lt_cv_prog_cc_static_works=yes
lt_cv_prog_cc_wl=-Wl,
lt_cv_prog_gnu_ld=yes
lt_cv_sys_global_symbol_pipe='sed -n -e '\''s/^.*[ 	]\([ABCDGISTW][ABCDGISTW]*\)[ 	][ 	]*\(\)\([_A-Za-z][_A-Za-z0-9]*\)$/\1 \2\3 \3/p'\'''
lt_cv_sys_path_separator=:

## ----------- ##
## confdefs.h. ##
## ----------- ##

#define PACKAGE_NAME ""
#define PACKAGE_TARNAME ""
#define PACKAGE_VERSION ""
#define PACKAGE_STRING ""
#define PACKAGE_BUGREPORT ""
#define PACKAGE "utility"
#define VERSION "1.1.7"
#define STDC_HEADERS 1
#define HAVE_SYS_TYPES_H 1
#define HAVE_SYS_STAT_H 1
#define HAVE_STDLIB_H 1
#define HAVE_STRING_H 1
#define HAVE_MEMORY_H 1
#define HAVE_STRINGS_H 1
#define HAVE_INTTYPES_H 1
#define HAVE_STDINT_H 1
#define HAVE_UNISTD_H 1
#define HAVE_DLFCN_H 1
#ifdef __cplusplus
#include <stdlib.h>
#endif
#define TTIME_USE_TIMEB 1
#define STL_FOUND 1
#define BOOL_DEFINED 1
#define TEMPLATE_SPECIALIZATION template<>

configure: exit 0
